<?xml version="1.0" encoding="utf-8"?>
<?xml-stylesheet type='text/xsl' href='report-stylesheet-2parts.xsl'?>
<test_report format-version="1">
  <head>
    <product name="IL4 PG24A" code="N/A" sf-code="PG24A" family="IL4" sn="N/A" sf-sn="21340030" sf-id-string="PG24ANV21340030" hw-version="N/A" />
    <result value="FAIL" fail-test-name="Flash FW" fail-group-name="FW" />
    <upload-state value="none" />
    <test-total-time value="119.39" />
    <security-check value="PASS" />
    <tester-info value="UniTesterApp_IL4-part1 1.0.0.14" />
    <user-name value="7" />
    <dmm-info value="KEITHLEY INSTRUMENTS INC.,MODEL 2000,4351402,B01  /A02  " />
    <timestamp value="2021-10-19 08:44:56.7" />
    <ini-security value="37A26696617E2AAED66DB816226A70EF" />
    <component-versions>
      <version name="IL4-AMF9-RX65-HWTEST" version-number="1.0.0.2" />
      <version name="IL4-AMF25-RX65-HWTEST" version-number="1.0.0.5" />
      <version name="InteliATS2-HWTEST" version-number="1.0.0.2" />
      <version name="IG200-HWTEST" version-number="1.0.0.9" />
    </component-versions>
  </head>
  <test_set>
    <group title="NA" group-id="0" group-sequence-number="1" retest="false" result="PASS" />
    <group title="FW" group-id="1" group-sequence-number="2" retest="false" result="FAIL">
      <test title="ResId" checked="true" test-class="AOutResistanceTest" test-id="1" retest="false" test-sequence-number="1" test-group-sequence-number="1" result="PASS">
        <config>
          <value name="ROUTE_SWITCH_EN">FALSE</value>
          <value name="RESISTANCE_1">10300+-5%</value>
          <value name="CHANNEL_1">6/3/3</value>
          <value name="MEASUREMENTS_COUNT">1</value>
          <value name="U_BAT">24</value>
        </config>
        <operations>
          <check name="Analog value Ch1 (ohm)" value="10349.1098" value-type="double" expected="10300+-5%" expected-type="intervalwithnominal" expected-low="9785" expected-high="10815" extended-info="false" result="OK" side="product">Analog value Ch1 (ohm) (9785 &gt; 10349.1098 &lt; 10815)  10300+-5%</check>
        </operations>
      </test>
      <test title="Flash FW w/ key" checked="true" test-class="WriteHwTestPreserveFwKey" test-id="2" retest="false" test-sequence-number="2" test-group-sequence-number="2" result="PASS">
        <config>
          <value name="CONTROLLER_PID">0x011F</value>
          <value name="FW_NAME">HWTest_il4amf25.bin</value>
          <value name="FW_PATH">FW\HWTest</value>
        </config>
        <operations>
          <info text="No HID device found" extended-info="False">No HID device found</info>
          <info text="Product does not contain FW key, continuing with normal procedure." extended-info="False">Product does not contain FW key, continuing with normal procedure.</info>
        </operations>
      </test>
      <test title="Flash FW" checked="true" test-class="FlashRenesas" test-id="3" retest="false" test-sequence-number="3" test-group-sequence-number="3" result="FAIL">
        <config>
          <value name="DEL_FW_AFTER_DOWNLOAD">FALSE</value>
          <value name="SHOW_FLASHING_SPLASH">TRUE</value>
          <value name="LOG_PATH">FW\HWTest\RFPProject-CD\log.txt</value>
          <value name="FW_PATH">FW\HWTest\HWTest_il4amf25_all_in_one.mot</value>
          <value name="FW_NAME_SHOW">FALSE</value>
          <value name="RFP_PROJECT_PATH">FW\HWTest\RFPProject-CD\RX651.rpj</value>
        </config>
        <operations>
          <check name="Odkaz na objekt není nastaven na instanci objektu." extended-info="false" result="ERROR" side="product">Odkaz na objekt není nastaven na instanci objektu.</check>
        </operations>
        <error-info>
          <error>System.NullReferenceException: Odkaz na objekt není nastaven na instanci objektu.
   v UniTester.Tests.FlashRenesas.TestRun()
   v UniTester.Tests.BaseTest.Run(TestReportTestResult trtr, Object[] parameters)</error>
          <error>Odkaz na objekt není nastaven na instanci objektu.
StackTrace:
Run at offset 323 in file:line:column &lt;filename unknown&gt;:0:0
RunTest at offset 57 in file:line:column &lt;filename unknown&gt;:0:0
RunTestSequence at offset 822 in file:line:column &lt;filename unknown&gt;:0:0
test_start at offset 1652 in file:line:column &lt;filename unknown&gt;:0:0
</error>
          <error>Chyba testu - VYROBEK</error>
        </error-info>
      </test>
      <test title="Flash FW" checked="true" test-class="FlashRenesas" test-id="3" retest="true" test-sequence-number="4" test-group-sequence-number="4" result="FAIL">
        <config>
          <value name="DEL_FW_AFTER_DOWNLOAD">FALSE</value>
          <value name="SHOW_FLASHING_SPLASH">TRUE</value>
          <value name="LOG_PATH">FW\HWTest\RFPProject-CD\log.txt</value>
          <value name="FW_PATH">FW\HWTest\HWTest_il4amf25_all_in_one.mot</value>
          <value name="FW_NAME_SHOW">FALSE</value>
          <value name="RFP_PROJECT_PATH">FW\HWTest\RFPProject-CD\RX651.rpj</value>
        </config>
        <operations>
          <check name="Odkaz na objekt není nastaven na instanci objektu." extended-info="false" result="ERROR" side="product">Odkaz na objekt není nastaven na instanci objektu.</check>
        </operations>
        <error-info>
          <error>System.NullReferenceException: Odkaz na objekt není nastaven na instanci objektu.
   v UniTester.Tests.FlashRenesas.TestRun()
   v UniTester.Tests.BaseTest.Run(TestReportTestResult trtr, Object[] parameters)</error>
          <error>Odkaz na objekt není nastaven na instanci objektu.
StackTrace:
Run at offset 323 in file:line:column &lt;filename unknown&gt;:0:0
RunTest at offset 57 in file:line:column &lt;filename unknown&gt;:0:0
RunTestSequence at offset 822 in file:line:column &lt;filename unknown&gt;:0:0
test_start at offset 1652 in file:line:column &lt;filename unknown&gt;:0:0
</error>
          <error>Chyba testu - VYROBEK</error>
        </error-info>
      </test>
    </group>
  </test_set>
  <id_chip_spc />
  <id_chip_icd />
</test_report>