<?xml version="1.0" encoding="utf-8"?>
<?xml-stylesheet type='text/xsl' href='report-stylesheet-2parts.xsl'?>
<test_report format-version="1">
  <head>
    <product name="IL4 PG24A" code="N/A" sf-code="PG24A" family="IL4" sn="N/A" sf-sn="21340030" sf-id-string="PG24ANV21340030" hw-version="N/A" />
    <result value="FAIL" fail-test-name="RPM" fail-group-name="RPM+PWM" />
    <upload-state value="none" />
    <test-total-time value="385.33" />
    <security-check value="PASS" />
    <tester-info value="UniTesterApp_IL4-part1 1.0.0.14" />
    <user-name value="6" />
    <dmm-info value="KEITHLEY INSTRUMENTS INC.,MODEL 2000,0787216,A13  /A02  " />
    <timestamp value="2021-10-20 10:28:26.6" />
    <ini-security value="37A26696617E2AAED66DB816226A70EF" />
    <component-versions>
      <version name="IL4-AMF9-RX65-HWTEST" version-number="1.0.0.2" />
      <version name="IL4-AMF25-RX65-HWTEST" version-number="1.0.0.5" />
      <version name="InteliATS2-HWTEST" version-number="1.0.0.2" />
      <version name="IG200-HWTEST" version-number="1.0.0.9" />
    </component-versions>
  </head>
  <test_set>
    <group title="NA" group-id="0" group-sequence-number="1" retest="false" result="PASS" />
    <group title="FW" group-id="1" group-sequence-number="2" retest="false" result="FAIL">
      <test title="ResId" checked="true" test-class="AOutResistanceTest" test-id="1" retest="false" test-sequence-number="1" test-group-sequence-number="1" result="PASS">
        <config>
          <value name="ROUTE_SWITCH_EN">FALSE</value>
          <value name="RESISTANCE_1">10300+-5%</value>
          <value name="CHANNEL_1">6/3/3</value>
          <value name="MEASUREMENTS_COUNT">1</value>
          <value name="U_BAT">24</value>
        </config>
        <operations>
          <check name="Analog value Ch1 (ohm)" value="10343.391" value-type="double" expected="10300+-5%" expected-type="intervalwithnominal" expected-low="9785" expected-high="10815" extended-info="false" result="OK" side="product">Analog value Ch1 (ohm) (9785 &gt; 10343.391 &lt; 10815)  10300+-5%</check>
        </operations>
      </test>
      <test title="Flash FW w/ key" checked="true" test-class="WriteHwTestPreserveFwKey" test-id="2" retest="false" test-sequence-number="2" test-group-sequence-number="2" result="PASS">
        <config>
          <value name="CONTROLLER_PID">0x011F</value>
          <value name="FW_NAME">HWTest_il4amf25.bin</value>
          <value name="FW_PATH">FW\HWTest</value>
        </config>
        <operations>
          <info text="No HID device found" extended-info="False">No HID device found</info>
          <info text="Product not communicating, continuing with normal procedure." extended-info="False">Product not communicating, continuing with normal procedure.</info>
        </operations>
      </test>
      <test title="Flash FW" checked="true" test-class="FlashRenesas" test-id="3" retest="false" test-sequence-number="3" test-group-sequence-number="3" result="FAIL">
        <config>
          <value name="DEL_FW_AFTER_DOWNLOAD">FALSE</value>
          <value name="SHOW_FLASHING_SPLASH">TRUE</value>
          <value name="LOG_PATH">FW\HWTest\RFPProject-CD\log.txt</value>
          <value name="FW_PATH">FW\HWTest\HWTest_il4amf25_all_in_one.mot</value>
          <value name="FW_NAME_SHOW">FALSE</value>
          <value name="RFP_PROJECT_PATH">FW\HWTest\RFPProject-CD\RX651.rpj</value>
        </config>
        <operations>
          <info text="Format processor" extended-info="False">Format processor</info>
          <info text="Renesas Flash Programmer CLI V1.00" extended-info="False">Renesas Flash Programmer CLI V1.00</info>
          <info text="Module Version: V3.08.00.000" extended-info="False">Module Version: V3.08.00.000</info>
          <info text="" extended-info="False"></info>
          <info text="Connecting the tool (COM port)" extended-info="False">Connecting the tool (COM port)</info>
          <info text="Tool: COM31" extended-info="False">Tool: COM31</info>
          <info text="Interface: 2 wire UART" extended-info="False">Interface: 2 wire UART</info>
          <info text="" extended-info="False"></info>
          <info text="Connecting the target device" extended-info="False">Connecting the target device</info>
          <info text="Main Clock: 12 MHz" extended-info="False">Main Clock: 12 MHz</info>
          <info text="Speed: 115,200 bps" extended-info="False">Speed: 115,200 bps</info>
          <info text="Connected to RX Group" extended-info="False">Connected to RX Group</info>
          <info text="" extended-info="False"></info>
          <info text="Erasing the target device" extended-info="False">Erasing the target device</info>
          <info text="  [Data Flash 1]       00100000 - 00107FFF" extended-info="False">  [Data Flash 1]       00100000 - 00107FFF</info>
          <info text="" extended-info="False"></info>
          <info text="   0% [                                                            ]" extended-info="False">   0% [                                                            ]</info>
          <info text="  [Code Flash 1]       FFE00000 - FFFFFFFF" extended-info="False">  [Code Flash 1]       FFE00000 - FFFFFFFF</info>
          <info text="   1% [                                                            ]" extended-info="False">   1% [                                                            ]</info>
          <info text="                                                                                " extended-info="False"></info>
          <info text="" extended-info="False"></info>
          <info text="   1% [                                                            ]" extended-info="False">   1% [                                                            ]</info>
          <info text=" 100% [============================================================]" extended-info="False"> 100% [============================================================]</info>
          <info text="                                                                                " extended-info="False"></info>
          <info text="  [Config Area]       " extended-info="False">  [Config Area]       </info>
          <info text="" extended-info="False"></info>
          <info text="   0% [                                                            ]" extended-info="False">   0% [                                                            ]</info>
          <info text="                                                                                " extended-info="False"></info>
          <info text="" extended-info="False"></info>
          <info text="" extended-info="False"></info>
          <info text="Disconnecting the tool" extended-info="False">Disconnecting the tool</info>
          <info text="" extended-info="False"></info>
          <info text="Operation successful" extended-info="False">Operation successful</info>
          <info text="" extended-info="False"></info>
          <info text="" extended-info="False"></info>
          <info text="Processor formatted" extended-info="False">Processor formatted</info>
          <info text="======================================================================" extended-info="False">======================================================================</info>
          <info text="[2021-10-20 10:28:41.051] Log Start" extended-info="False">[2021-10-20 10:28:41.051] Log Start</info>
          <info text="Renesas Flash Programmer V3.08.00 [1 Oct 2020]  (Free-of-charge Edition)" extended-info="False">Renesas Flash Programmer V3.08.00 [1 Oct 2020]  (Free-of-charge Edition)</info>
          <info text="Loading Project (C:\Users\ondrej.simacek\Downloads\UniTesterApp_IL4_PG24A_PFP-1.0.0.14\FW\HWTest\RFPProject-CD\RX651.rpj)" extended-info="False">Loading Project (C:\Users\ondrej.simacek\Downloads\UniTesterApp_IL4_PG24A_PFP-1.0.0.14\FW\HWTest\RFPProject-CD\RX651.rpj)</info>
          <info text="Error(E3000007): This file type is not supported." extended-info="False">Error(E3000007): This file type is not supported.</info>
          <info text="Error(E0000015) : The parameter file is not correct." extended-info="False">Error(E0000015) : The parameter file is not correct.</info>
          <check name="Flashing HW test" extended-info="false" result="ERROR" side="product">Flashing HW test</check>
        </operations>
        <error-info>
          <error>Flashing HW test
StackTrace:
Assert at offset 25 in file:line:column &lt;filename unknown&gt;:0:0
TestRun at offset 293 in file:line:column &lt;filename unknown&gt;:0:0
Run at offset 156 in file:line:column &lt;filename unknown&gt;:0:0
RunTest at offset 57 in file:line:column &lt;filename unknown&gt;:0:0
</error>
          <error>Chyba testu - VYROBEK</error>
        </error-info>
      </test>
      <test title="Flash FW" checked="true" test-class="FlashRenesas" test-id="3" retest="true" test-sequence-number="4" test-group-sequence-number="4" result="FAIL">
        <config>
          <value name="DEL_FW_AFTER_DOWNLOAD">FALSE</value>
          <value name="SHOW_FLASHING_SPLASH">TRUE</value>
          <value name="LOG_PATH">FW\HWTest\RFPProject-CD\log.txt</value>
          <value name="FW_PATH">FW\HWTest\HWTest_il4amf25_all_in_one.mot</value>
          <value name="FW_NAME_SHOW">FALSE</value>
          <value name="RFP_PROJECT_PATH">FW\HWTest\RFPProject-CD\RX651.rpj</value>
        </config>
        <operations>
          <info text="Format processor" extended-info="False">Format processor</info>
          <info text="Renesas Flash Programmer CLI V1.00" extended-info="False">Renesas Flash Programmer CLI V1.00</info>
          <info text="Module Version: V3.08.00.000" extended-info="False">Module Version: V3.08.00.000</info>
          <info text="" extended-info="False"></info>
          <info text="Connecting the tool (COM port)" extended-info="False">Connecting the tool (COM port)</info>
          <info text="Tool: COM31" extended-info="False">Tool: COM31</info>
          <info text="Interface: 2 wire UART" extended-info="False">Interface: 2 wire UART</info>
          <info text="" extended-info="False"></info>
          <info text="Connecting the target device" extended-info="False">Connecting the target device</info>
          <info text="Main Clock: 12 MHz" extended-info="False">Main Clock: 12 MHz</info>
          <info text="Speed: 115,200 bps" extended-info="False">Speed: 115,200 bps</info>
          <info text="Connected to RX Group" extended-info="False">Connected to RX Group</info>
          <info text="" extended-info="False"></info>
          <info text="Erasing the target device" extended-info="False">Erasing the target device</info>
          <info text="  [Data Flash 1]       00100000 - 00107FFF" extended-info="False">  [Data Flash 1]       00100000 - 00107FFF</info>
          <info text="" extended-info="False"></info>
          <info text="   0% [                                                            ]" extended-info="False">   0% [                                                            ]</info>
          <info text="  [Code Flash 1]       FFE00000 - FFFFFFFF" extended-info="False">  [Code Flash 1]       FFE00000 - FFFFFFFF</info>
          <info text="   1% [                                                            ]" extended-info="False">   1% [                                                            ]</info>
          <info text="                                                                                " extended-info="False"></info>
          <info text="" extended-info="False"></info>
          <info text="   1% [                                                            ]" extended-info="False">   1% [                                                            ]</info>
          <info text=" 100% [============================================================]" extended-info="False"> 100% [============================================================]</info>
          <info text="                                                                                " extended-info="False"></info>
          <info text="  [Config Area]       " extended-info="False">  [Config Area]       </info>
          <info text="" extended-info="False"></info>
          <info text="   0% [                                                            ]" extended-info="False">   0% [                                                            ]</info>
          <info text="                                                                                " extended-info="False"></info>
          <info text="" extended-info="False"></info>
          <info text="" extended-info="False"></info>
          <info text="Disconnecting the tool" extended-info="False">Disconnecting the tool</info>
          <info text="" extended-info="False"></info>
          <info text="Operation successful" extended-info="False">Operation successful</info>
          <info text="Processor formatted" extended-info="False">Processor formatted</info>
          <info text="" extended-info="False"></info>
          <info text="" extended-info="False"></info>
          <info text="======================================================================" extended-info="False">======================================================================</info>
          <info text="[2021-10-20 10:28:53.310] Log Start" extended-info="False">[2021-10-20 10:28:53.310] Log Start</info>
          <info text="Renesas Flash Programmer V3.08.00 [1 Oct 2020]  (Free-of-charge Edition)" extended-info="False">Renesas Flash Programmer V3.08.00 [1 Oct 2020]  (Free-of-charge Edition)</info>
          <info text="Loading Project (C:\Users\ondrej.simacek\Downloads\UniTesterApp_IL4_PG24A_PFP-1.0.0.14\FW\HWTest\RFPProject-CD\RX651.rpj)" extended-info="False">Loading Project (C:\Users\ondrej.simacek\Downloads\UniTesterApp_IL4_PG24A_PFP-1.0.0.14\FW\HWTest\RFPProject-CD\RX651.rpj)</info>
          <info text="Error(E3000007): This file type is not supported." extended-info="False">Error(E3000007): This file type is not supported.</info>
          <info text="Error(E0000015) : The parameter file is not correct." extended-info="False">Error(E0000015) : The parameter file is not correct.</info>
          <check name="Flashing HW test" extended-info="false" result="ERROR" side="product">Flashing HW test</check>
        </operations>
        <error-info>
          <error>Flashing HW test
StackTrace:
Assert at offset 25 in file:line:column &lt;filename unknown&gt;:0:0
TestRun at offset 293 in file:line:column &lt;filename unknown&gt;:0:0
Run at offset 156 in file:line:column &lt;filename unknown&gt;:0:0
RunTest at offset 57 in file:line:column &lt;filename unknown&gt;:0:0
</error>
          <error>Chyba testu - VYROBEK</error>
        </error-info>
      </test>
    </group>
    <group title="START" group-id="2" group-sequence-number="3" retest="false" result="FAIL">
      <test title="Start" checked="true" test-class="StartSequenceTest" test-id="1" retest="false" test-sequence-number="5" test-group-sequence-number="1" result="FAIL">
        <config />
        <operations>
          <check name="InternalError = ConnectionError, " extended-info="false" result="ERROR" side="product">InternalError = ConnectionError, </check>
        </operations>
        <error-info>
          <error>ComAp.Communication.Core.ConnectionException: InternalError = ConnectionError,  ---&gt; System.IO.IOException: The port 'COM35' does not exist.
   at System.IO.Ports.InternalResources.WinIOError(Int32 errorCode, String str)
   at System.IO.Ports.SerialStream..ctor(String portName, Int32 baudRate, Parity parity, Int32 dataBits, StopBits stopBits, Int32 readTimeout, Int32 writeTimeout, Handshake handshake, Boolean dtrEnable, Boolean rtsEnable, Boolean discardNull, Byte parityReplace)
   at System.IO.Ports.SerialPort.Open()
   at ComAp.Communication.Core.RS232Connection.Open(IContext context)
   --- End of inner exception stack trace ---
   at ComAp.Communication.Core.RS232Connection.Open(IContext context)
   at UniTester.Facades.ProductComFacade.OpenComm(Boolean noRetry)
   at UniTester.Tests.StartSequenceTest.StartSeqTestJumper()
   at UniTester.Tests.StartSequenceTest.TestRun()
   at UniTester.Tests.BaseTest.Run(TestReportTestResult trtr, Object[] parameters)</error>
          <error>InternalError = ConnectionError, 
StackTrace:
Run at offset 323 in file:line:column &lt;filename unknown&gt;:0:0
RunTest at offset 57 in file:line:column &lt;filename unknown&gt;:0:0
RunTestSequence at offset 822 in file:line:column &lt;filename unknown&gt;:0:0
test_start at offset 1653 in file:line:column &lt;filename unknown&gt;:0:0
</error>
          <error>Chyba testu - VYROBEK</error>
        </error-info>
      </test>
      <test title="Start" checked="true" test-class="StartSequenceTest" test-id="1" retest="true" test-sequence-number="6" test-group-sequence-number="2" result="FAIL">
        <config />
        <operations>
          <check name="InternalError = ConnectionError, " extended-info="false" result="ERROR" side="product">InternalError = ConnectionError, </check>
        </operations>
        <error-info>
          <error>ComAp.Communication.Core.ConnectionException: InternalError = ConnectionError,  ---&gt; System.IO.IOException: The port 'COM35' does not exist.
   at System.IO.Ports.InternalResources.WinIOError(Int32 errorCode, String str)
   at System.IO.Ports.SerialStream..ctor(String portName, Int32 baudRate, Parity parity, Int32 dataBits, StopBits stopBits, Int32 readTimeout, Int32 writeTimeout, Handshake handshake, Boolean dtrEnable, Boolean rtsEnable, Boolean discardNull, Byte parityReplace)
   at System.IO.Ports.SerialPort.Open()
   at ComAp.Communication.Core.RS232Connection.Open(IContext context)
   --- End of inner exception stack trace ---
   at ComAp.Communication.Core.RS232Connection.Open(IContext context)
   at UniTester.Facades.ProductComFacade.OpenComm(Boolean noRetry)
   at UniTester.Tests.StartSequenceTest.StartSeqTestJumper()
   at UniTester.Tests.StartSequenceTest.TestRun()
   at UniTester.Tests.BaseTest.Run(TestReportTestResult trtr, Object[] parameters)</error>
          <error>InternalError = ConnectionError, 
StackTrace:
Run at offset 323 in file:line:column &lt;filename unknown&gt;:0:0
RunTest at offset 57 in file:line:column &lt;filename unknown&gt;:0:0
RunTestSequence at offset 822 in file:line:column &lt;filename unknown&gt;:0:0
test_start at offset 1653 in file:line:column &lt;filename unknown&gt;:0:0
</error>
          <error>Chyba testu - VYROBEK</error>
        </error-info>
      </test>
      <test title="Consumption" checked="true" test-class="PowerDrawTest" test-id="2" retest="false" test-sequence-number="7" test-group-sequence-number="3" result="FAIL">
        <config>
          <value name="U_INTERVAL_1">8+-10%</value>
          <value name="I_INTERVAL_1">90+-30</value>
          <value name="U_INTERVAL_3">30+-10%</value>
          <value name="LCD_BACKLIGHT_ENABLED">false</value>
          <value name="I_INTERVAL_2">30+-20</value>
          <value name="TEST_NUM">3</value>
          <value name="USB_HOST_ENABLED">false</value>
          <value name="U_INTERVAL_2">24+-10%</value>
          <value name="I_INTERVAL_3">30+-20</value>
        </config>
        <operations>
          <check name="Set LCD backlight False" extended-info="false" result="ERROR" side="product">Set LCD backlight False</check>
          <check name="Set LCD backlight True" extended-info="false" result="ERROR" side="product">Set LCD backlight True</check>
        </operations>
        <error-info>
          <error>Set LCD backlight False
StackTrace:
Assert at offset 25 in file:line:column &lt;filename unknown&gt;:0:0
SetLcdBacklightState at offset 158 in file:line:column &lt;filename unknown&gt;:0:0
TestRun at offset 43 in file:line:column &lt;filename unknown&gt;:0:0
Run at offset 156 in file:line:column &lt;filename unknown&gt;:0:0
</error>
          <error>Set LCD backlight True
StackTrace:
Assert at offset 25 in file:line:column &lt;filename unknown&gt;:0:0
SetLcdBacklightState at offset 158 in file:line:column &lt;filename unknown&gt;:0:0
TestDeinit at offset 67 in file:line:column &lt;filename unknown&gt;:0:0
Run at offset 360 in file:line:column &lt;filename unknown&gt;:0:0
</error>
          <error>Chyba testu - VYROBEK</error>
        </error-info>
      </test>
      <test title="Prep. IDChip" checked="true" test-class="IdChipPreparation" test-id="3" retest="false" test-sequence-number="8" test-group-sequence-number="4" result="FAIL">
        <config />
        <operations>
          <info text="Controller has default SF order code." extended-info="False">Controller has default SF order code.</info>
          <info text="Controller has default SF serial number (&quot;&quot;)." extended-info="False">Controller has default SF serial number ("").</info>
        </operations>
        <error-info>
          <error>
StackTrace:
Assert at offset 25 in file:line:column &lt;filename unknown&gt;:0:0
GenerateEcdhCpuKey at offset 91 in file:line:column &lt;filename unknown&gt;:0:0
MoveNext at offset 53 in file:line:column &lt;filename unknown&gt;:0:0
Start&lt;TStateMachine&gt; at offset 67 in file:line:column &lt;filename unknown&gt;:0:0
</error>
          <error>Chyba testu - VYROBEK</error>
        </error-info>
      </test>
    </group>
    <group title="REF" group-id="3" group-sequence-number="4" retest="false" result="FAIL">
      <test title="1V5REF" checked="true" test-class="AOutVoltageTest" test-id="1" retest="false" test-sequence-number="9" test-group-sequence-number="1" result="FAIL">
        <config>
          <value name="CHANNEL_1">6/3/4</value>
          <value name="VOLTAGE_1">1.5+-0.075</value>
          <value name="MEASUREMENTS_COUNT">1</value>
          <value name="U_BAT">12</value>
        </config>
        <operations>
          <check name="Analog value Ch1 (V)" value="1.25211943" value-type="double" expected="1.5+-0.075" expected-type="intervalwithnominal" expected-low="1.425" expected-high="1.575" extended-info="false" result="ERROR" side="product">Analog value Ch1 (V) (1.425 &gt; 1.25211943 &lt; 1.575)  1.5+-0.075</check>
        </operations>
        <error-info>
          <error>Analog value Ch1 (V) (1.425 &gt; 1.25211943 &lt; 1.575)  1.5+-0.075
StackTrace:
TestRun at offset 358 in file:line:column &lt;filename unknown&gt;:0:0
Run at offset 156 in file:line:column &lt;filename unknown&gt;:0:0
RunTest at offset 57 in file:line:column &lt;filename unknown&gt;:0:0
RunTestSequence at offset 822 in file:line:column &lt;filename unknown&gt;:0:0
</error>
          <error>Chyba testu - VYROBEK</error>
        </error-info>
      </test>
      <test title="1V5REF" checked="true" test-class="AOutVoltageTest" test-id="1" retest="true" test-sequence-number="10" test-group-sequence-number="2" result="FAIL">
        <config>
          <value name="CHANNEL_1">6/3/4</value>
          <value name="VOLTAGE_1">1.5+-0.075</value>
          <value name="MEASUREMENTS_COUNT">1</value>
          <value name="U_BAT">12</value>
        </config>
        <operations>
          <check name="Analog value Ch1 (V)" value="1.25211607" value-type="double" expected="1.5+-0.075" expected-type="intervalwithnominal" expected-low="1.425" expected-high="1.575" extended-info="false" result="ERROR" side="product">Analog value Ch1 (V) (1.425 &gt; 1.25211607 &lt; 1.575)  1.5+-0.075</check>
        </operations>
        <error-info>
          <error>Analog value Ch1 (V) (1.425 &gt; 1.25211607 &lt; 1.575)  1.5+-0.075
StackTrace:
TestRun at offset 358 in file:line:column &lt;filename unknown&gt;:0:0
Run at offset 156 in file:line:column &lt;filename unknown&gt;:0:0
RunTest at offset 57 in file:line:column &lt;filename unknown&gt;:0:0
RunTestSequence at offset 822 in file:line:column &lt;filename unknown&gt;:0:0
</error>
          <error>Chyba testu - VYROBEK</error>
        </error-info>
      </test>
      <test title="3VREF" checked="true" test-class="AOutVoltageTest" test-id="2" retest="false" test-sequence-number="11" test-group-sequence-number="3" result="PASS">
        <config>
          <value name="CHANNEL_1">6/3/5</value>
          <value name="VOLTAGE_1">3+-0.025</value>
          <value name="MEASUREMENTS_COUNT">1</value>
          <value name="U_BAT">12</value>
        </config>
        <operations>
          <check name="Analog value Ch1 (V)" value="3.00855365" value-type="double" expected="3+-0.025" expected-type="intervalwithnominal" expected-low="2.975" expected-high="3.025" extended-info="false" result="OK" side="product">Analog value Ch1 (V) (2.975 &gt; 3.00855365 &lt; 3.025)  3+-0.025</check>
        </operations>
      </test>
      <test title="VCC" checked="true" test-class="AOutVoltageTest" test-id="3" retest="false" test-sequence-number="12" test-group-sequence-number="4" result="FAIL">
        <config>
          <value name="CHANNEL_1">6/3/6</value>
          <value name="MEASUREMENTS_COUNT">1</value>
          <value name="VOLTAGE_1">5+-0.1</value>
          <value name="U_BAT">12</value>
        </config>
        <operations>
          <check name="Analog value Ch1 (V)" value="0.40005648" value-type="double" expected="5+-0.1" expected-type="intervalwithnominal" expected-low="4.9" expected-high="5.1" extended-info="false" result="ERROR" side="product">Analog value Ch1 (V) (4.9 &gt; 0.40005648 &lt; 5.1)  5+-0.1</check>
        </operations>
        <error-info>
          <error>Analog value Ch1 (V) (4.9 &gt; 0.40005648 &lt; 5.1)  5+-0.1
StackTrace:
TestRun at offset 358 in file:line:column &lt;filename unknown&gt;:0:0
Run at offset 156 in file:line:column &lt;filename unknown&gt;:0:0
RunTest at offset 57 in file:line:column &lt;filename unknown&gt;:0:0
RunTestSequence at offset 822 in file:line:column &lt;filename unknown&gt;:0:0
</error>
          <error>Chyba testu - VYROBEK</error>
        </error-info>
      </test>
      <test title="3V3" checked="true" test-class="AOutVoltageTest" test-id="4" retest="false" test-sequence-number="13" test-group-sequence-number="5" result="PASS">
        <config>
          <value name="CHANNEL_1">6/3/7</value>
          <value name="VOLTAGE_1">3.25+-0.1</value>
          <value name="MEASUREMENTS_COUNT">1</value>
          <value name="U_BAT">12</value>
        </config>
        <operations>
          <check name="Analog value Ch1 (V)" value="3.28831896" value-type="double" expected="3.25+-0.1" expected-type="intervalwithnominal" expected-low="3.15" expected-high="3.35" extended-info="false" result="OK" side="product">Analog value Ch1 (V) (3.15 &gt; 3.28831896 &lt; 3.35)  3.25+-0.1</check>
        </operations>
      </test>
      <test title="-0V2" checked="true" test-class="AOutVoltageTest" test-id="6" retest="false" test-sequence-number="14" test-group-sequence-number="6" result="FAIL">
        <config>
          <value name="CHANNEL_1">6/3/12</value>
          <value name="VOLTAGE_1">-0.2+-0.05</value>
          <value name="MEASUREMENTS_COUNT">1</value>
          <value name="U_BAT">12</value>
        </config>
        <operations>
          <check name="Analog value Ch1 (V)" value="0.554598884" value-type="double" expected="-0.2+-0.05" expected-type="intervalwithnominal" expected-low="-0.25" expected-high="-0.15" extended-info="false" result="ERROR" side="product">Analog value Ch1 (V) (-0.25 &gt; 0.554598884 &lt; -0.15)  -0.2+-0.05</check>
        </operations>
        <error-info>
          <error>Analog value Ch1 (V) (-0.25 &gt; 0.554598884 &lt; -0.15)  -0.2+-0.05
StackTrace:
TestRun at offset 358 in file:line:column &lt;filename unknown&gt;:0:0
Run at offset 156 in file:line:column &lt;filename unknown&gt;:0:0
RunTest at offset 57 in file:line:column &lt;filename unknown&gt;:0:0
RunTestSequence at offset 822 in file:line:column &lt;filename unknown&gt;:0:0
</error>
          <error>Chyba testu - VYROBEK</error>
        </error-info>
      </test>
      <test title="UBAT+cal." checked="true" test-class="UBatCalibration" test-id="7" retest="false" test-sequence-number="15" test-group-sequence-number="7" result="FAIL">
        <config>
          <value name="ALLOWED_OFFSET_RANGE">0+-0.1</value>
          <value name="UBAT_TESTS_COUNT">3</value>
          <value name="CALIB_VOLTAGE_HIGH">28+-0.25</value>
          <value name="UBAT_TEST_3">30+-0.5</value>
          <value name="UBAT_TEST_1">10+-0.5</value>
          <value name="ALLOWED_GAIN_RANGE">1+-5%</value>
          <value name="CALIB_VOLTAGE_LOW">8+-0.25</value>
          <value name="VOLTAGE_TEST_MAX_DEVIATION_PERCENT">0.6</value>
          <value name="UBAT_TEST_2">20+-0.5</value>
          <value name="U_BAT">12</value>
        </config>
        <operations />
        <error-info>
          <error>
StackTrace:
Assert at offset 25 in file:line:column &lt;filename unknown&gt;:0:0
WriteDcAinSpecCalibration at offset 81 in file:line:column &lt;filename unknown&gt;:0:0
TestRun at offset 53 in file:line:column &lt;filename unknown&gt;:0:0
Run at offset 156 in file:line:column &lt;filename unknown&gt;:0:0
</error>
          <error>Chyba testu - VYROBEK</error>
        </error-info>
      </test>
      <test title="PowerFail" checked="true" test-class="PowerFailTest" test-id="8" retest="false" test-sequence-number="16" test-group-sequence-number="8" result="FAIL">
        <config>
          <value name="VOLTAGE_PF_LOG_0">7.8+-0.1</value>
          <value name="VOLTAGE_PF_LOG_1">6.7+-0.1</value>
          <value name="GPIO_PIN">0/4/4</value>
          <value name="U_BAT">12</value>
        </config>
        <operations>
          <check name="Voltage1 set" value="6.81911247" value-type="double" expected="6.7+-0.1" expected-type="intervalwithnominal" expected-low="6.6" expected-high="6.8" extended-info="false" result="ERROR" side="unitester">Voltage1 set (6.6 &gt; 6.81911247 &lt; 6.8)  6.7+-0.1</check>
        </operations>
        <error-info>
          <error>Voltage1 set (6.6 &gt; 6.81911247 &lt; 6.8)  6.7+-0.1
StackTrace:
TestRun at offset 91 in file:line:column &lt;filename unknown&gt;:0:0
Run at offset 156 in file:line:column &lt;filename unknown&gt;:0:0
RunTest at offset 57 in file:line:column &lt;filename unknown&gt;:0:0
RunTestSequence at offset 822 in file:line:column &lt;filename unknown&gt;:0:0
</error>
          <error>Chyba testu - TESTER</error>
        </error-info>
      </test>
      <test title="TempCPU+cal" checked="true" test-class="TempCpuCalibTest" test-id="9" retest="false" test-sequence-number="17" test-group-sequence-number="9" result="FAIL">
        <config>
          <value name="CHANNEL_DIFFERENTIAL_B">6/2/4</value>
          <value name="TEMP_INTERVAL">(15,35)</value>
          <value name="TEMP_TOLERANCE">+-1</value>
          <value name="ALLOWED_OFFSET_RANGE">0+-30</value>
          <value name="CHANNEL_DIFFERENTIAL_A">6/2/3</value>
          <value name="U_BAT">12</value>
        </config>
        <operations />
        <error-info>
          <error>
StackTrace:
Assert at offset 25 in file:line:column &lt;filename unknown&gt;:0:0
WriteTempCalibration at offset 69 in file:line:column &lt;filename unknown&gt;:0:0
TestRun at offset 44 in file:line:column &lt;filename unknown&gt;:0:0
Run at offset 156 in file:line:column &lt;filename unknown&gt;:0:0
</error>
          <error>Chyba testu - VYROBEK</error>
        </error-info>
      </test>
      <test title="Temp Board" checked="true" test-class="TempBoardTest" test-id="10" retest="false" test-sequence-number="18" test-group-sequence-number="10" result="FAIL">
        <config>
          <value name="TEMP_TOLERANCE">+-5</value>
          <value name="CHANNEL_DIFFERENTIAL_A">6/2/3</value>
          <value name="CHANNEL_DIFFERENTIAL_B">6/2/4</value>
          <value name="TEMP_INTERVAL">(25,35)</value>
          <value name="U_BAT">12</value>
        </config>
        <operations>
          <check name="Reference temperature [°C]" value="24.5377408" value-type="double" expected="(10,45)" expected-type="interval" expected-low="10" expected-high="45" extended-info="false" result="OK" side="product">Reference temperature [°C] (10 &gt; 24.5377408 &lt; 45)  (10,45)</check>
        </operations>
        <error-info>
          <error>
StackTrace:
Assert at offset 25 in file:line:column &lt;filename unknown&gt;:0:0
ReadTemperature at offset 139 in file:line:column &lt;filename unknown&gt;:0:0
TestRun at offset 266 in file:line:column &lt;filename unknown&gt;:0:0
Run at offset 156 in file:line:column &lt;filename unknown&gt;:0:0
</error>
          <error>Chyba testu - VYROBEK</error>
        </error-info>
      </test>
      <test title="5V-RS485" checked="true" test-class="AOutVoltageTest" test-id="11" retest="false" test-sequence-number="19" test-group-sequence-number="11" result="FAIL">
        <config>
          <value name="CHANNEL_DIFFERENTIAL_A_1">6/1/7</value>
          <value name="VOLTAGE_1">5.25+-0.45</value>
          <value name="CHANNEL_DIFFERENTIAL_B_1">6/1/8</value>
          <value name="MEASUREMENTS_COUNT">1</value>
          <value name="U_BAT">12</value>
        </config>
        <operations>
          <check name="Analog value Ch1 (V)" value="-0.0420672313" value-type="double" expected="5.25+-0.45" expected-type="intervalwithnominal" expected-low="4.8" expected-high="5.7" extended-info="false" result="ERROR" side="product">Analog value Ch1 (V) (4.8 &gt; -0.0420672313 &lt; 5.7)  5.25+-0.45</check>
        </operations>
        <error-info>
          <error>Analog value Ch1 (V) (4.8 &gt; -0.0420672313 &lt; 5.7)  5.25+-0.45
StackTrace:
TestRun at offset 358 in file:line:column &lt;filename unknown&gt;:0:0
Run at offset 156 in file:line:column &lt;filename unknown&gt;:0:0
RunTest at offset 57 in file:line:column &lt;filename unknown&gt;:0:0
RunTestSequence at offset 822 in file:line:column &lt;filename unknown&gt;:0:0
</error>
          <error>Chyba testu - VYROBEK</error>
        </error-info>
      </test>
    </group>
    <group title="BIN" group-id="4" group-sequence-number="5" retest="false" result="FAIL">
      <test title="All BINs" checked="true" test-class="BinAllTest" test-id="1" retest="false" test-sequence-number="20" test-group-sequence-number="1" result="FAIL">
        <config>
          <value name="PRODUCT_BINS">BIN1,BIN2,BIN3,BIN4,BIN5,BIN6,BIN7,BIN8</value>
          <value name="TEST_ACTIVE_HIGH">FALSE</value>
          <value name="TEST_ACTIVE_LOW">TRUE</value>
          <value name="U_BAT">24+-5%</value>
          <value name="VOLTAGE_HIGH">0</value>
          <value name="VOLTAGE_LOW">2.3</value>
        </config>
        <operations>
          <check name="Set voltage UBat problem" extended-info="true" result="OK" side="unitester">Set voltage UBat problem</check>
          <check name="Set voltage UBat" value="24.57" value-type="double" expected="24+-5%" expected-type="intervalwithnominal" expected-low="22.8" expected-high="25.2" extended-info="false" result="OK" side="unitester">Set voltage UBat (22.8 &gt; 24.57 &lt; 25.2)  24+-5%</check>
          <info text="Check BINary inputs in ActiveLow configuration" extended-info="False">Check BINary inputs in ActiveLow configuration</info>
          <info text="UniTester test voltage: 2.3V" extended-info="False">UniTester test voltage: 2.3V</info>
        </operations>
        <error-info>
          <error>
StackTrace:
Assert at offset 25 in file:line:column &lt;filename unknown&gt;:0:0
ReadAllBins at offset 60 in file:line:column &lt;filename unknown&gt;:0:0
CheckBins at offset 321 in file:line:column &lt;filename unknown&gt;:0:0
TestRun at offset 337 in file:line:column &lt;filename unknown&gt;:0:0
</error>
          <error>Chyba testu - VYROBEK</error>
        </error-info>
      </test>
      <test title="All BINs" checked="true" test-class="BinAllTest" test-id="1" retest="true" test-sequence-number="21" test-group-sequence-number="2" result="FAIL">
        <config>
          <value name="PRODUCT_BINS">BIN1,BIN2,BIN3,BIN4,BIN5,BIN6,BIN7,BIN8</value>
          <value name="TEST_ACTIVE_HIGH">FALSE</value>
          <value name="TEST_ACTIVE_LOW">TRUE</value>
          <value name="U_BAT">24+-5%</value>
          <value name="VOLTAGE_HIGH">0</value>
          <value name="VOLTAGE_LOW">2.3</value>
        </config>
        <operations>
          <check name="Set voltage UBat problem" extended-info="true" result="OK" side="unitester">Set voltage UBat problem</check>
          <check name="Set voltage UBat" value="24.56" value-type="double" expected="24+-5%" expected-type="intervalwithnominal" expected-low="22.8" expected-high="25.2" extended-info="false" result="OK" side="unitester">Set voltage UBat (22.8 &gt; 24.56 &lt; 25.2)  24+-5%</check>
          <info text="Check BINary inputs in ActiveLow configuration" extended-info="False">Check BINary inputs in ActiveLow configuration</info>
          <info text="UniTester test voltage: 2.29V" extended-info="False">UniTester test voltage: 2.29V</info>
        </operations>
        <error-info>
          <error>
StackTrace:
Assert at offset 25 in file:line:column &lt;filename unknown&gt;:0:0
ReadAllBins at offset 60 in file:line:column &lt;filename unknown&gt;:0:0
CheckBins at offset 321 in file:line:column &lt;filename unknown&gt;:0:0
TestRun at offset 337 in file:line:column &lt;filename unknown&gt;:0:0
</error>
          <error>Chyba testu - VYROBEK</error>
        </error-info>
      </test>
    </group>
    <group title="RPM+PWM" group-id="5" group-sequence-number="6" retest="false" result="FAIL">
      <test title="RPM" checked="true" test-class="RpmTest" test-id="1" retest="false" test-sequence-number="22" test-group-sequence-number="1" result="FAIL">
        <config>
          <value name="RPM_TEST_1">5000+-0.5%</value>
          <value name="RPM_TEST_2">200+-0.5%</value>
          <value name="RPM_TEST_COUNT">2</value>
          <value name="AOUT_CHANNEL">6/1/3+6/1/4</value>
          <value name="U_BAT">24+-5%</value>
          <value name="RPM_ERROR_PERCENT">0.1</value>
          <value name="RPM_SIGNAL_VOLTAGE">12</value>
        </config>
        <operations>
          <check name="Set voltage Ubat (V) = " value="24.57" value-type="double" expected="24+-5%" expected-type="intervalwithnominal" expected-low="22.8" expected-high="25.2" extended-info="false" result="OK" side="unitester">Set voltage Ubat (V) =  (22.8 &gt; 24.57 &lt; 25.2)  24+-5%</check>
          <value name="RPM signal voltage set [V]: " type="Double" value="12" extended-info="False">RPM signal voltage set [V] = 12</value>
          <check name="RPM test1 (DMM) [Hz]" value="5008.90358" value-type="double" expected="5000+-0.5%" expected-type="intervalwithnominal" expected-low="4975" expected-high="5025" extended-info="false" result="OK" side="unitester">RPM test1 (DMM) [Hz] (4975 &gt; 5008.90358 &lt; 5025)  5000+-0.5%</check>
        </operations>
        <error-info>
          <error>
StackTrace:
Assert at offset 25 in file:line:column &lt;filename unknown&gt;:0:0
ReadRpm at offset 60 in file:line:column &lt;filename unknown&gt;:0:0
TestRun at offset 704 in file:line:column &lt;filename unknown&gt;:0:0
Run at offset 156 in file:line:column &lt;filename unknown&gt;:0:0
</error>
          <error>Chyba testu - VYROBEK</error>
        </error-info>
      </test>
      <test title="RPM" checked="true" test-class="RpmTest" test-id="1" retest="true" test-sequence-number="23" test-group-sequence-number="2" result="FAIL">
        <config>
          <value name="RPM_TEST_1">5000+-0.5%</value>
          <value name="RPM_TEST_2">200+-0.5%</value>
          <value name="RPM_TEST_COUNT">2</value>
          <value name="AOUT_CHANNEL">6/1/3+6/1/4</value>
          <value name="U_BAT">24+-5%</value>
          <value name="RPM_ERROR_PERCENT">0.1</value>
          <value name="RPM_SIGNAL_VOLTAGE">12</value>
        </config>
        <operations>
          <check name="Set voltage Ubat (V) = " value="24.57" value-type="double" expected="24+-5%" expected-type="intervalwithnominal" expected-low="22.8" expected-high="25.2" extended-info="false" result="OK" side="unitester">Set voltage Ubat (V) =  (22.8 &gt; 24.57 &lt; 25.2)  24+-5%</check>
          <value name="RPM signal voltage set [V]: " type="Double" value="12" extended-info="False">RPM signal voltage set [V] = 12</value>
          <check name="RPM test1 (DMM) [Hz]" value="5008.89356" value-type="double" expected="5000+-0.5%" expected-type="intervalwithnominal" expected-low="4975" expected-high="5025" extended-info="false" result="OK" side="unitester">RPM test1 (DMM) [Hz] (4975 &gt; 5008.89356 &lt; 5025)  5000+-0.5%</check>
        </operations>
        <error-info>
          <error>
StackTrace:
Assert at offset 25 in file:line:column &lt;filename unknown&gt;:0:0
ReadRpm at offset 60 in file:line:column &lt;filename unknown&gt;:0:0
TestRun at offset 704 in file:line:column &lt;filename unknown&gt;:0:0
Run at offset 156 in file:line:column &lt;filename unknown&gt;:0:0
</error>
          <error>Chyba testu - VYROBEK</error>
        </error-info>
      </test>
    </group>
  </test_set>
  <id_chip_spc />
  <id_chip_icd />
</test_report>